2022-12-21 11:36:29.346  INFO 68280 --- [main] com.example.refugeeshelter.E2E           : Starting E2E using Java 1.8.0_311 on MacBook-Air-Anton.local with PID 68280 (started by akrik in /Users/akrik/Desktop/refugee_shelter/backend/RefugeeShelter)
2022-12-21 11:36:29.355 DEBUG 68280 --- [main] com.example.refugeeshelter.E2E           : Running with Spring Boot v2.7.4, Spring v5.3.23
2022-12-21 11:36:29.356  INFO 68280 --- [main] com.example.refugeeshelter.E2E           : The following 1 profile is active: "test"
2022-12-21 11:36:30.713  INFO 68280 --- [main] .s.d.r.c.RepositoryConfigurationDelegate : Bootstrapping Spring Data JPA repositories in DEFAULT mode.
2022-12-21 11:36:30.828  INFO 68280 --- [main] .s.d.r.c.RepositoryConfigurationDelegate : Finished Spring Data repository scanning in 99 ms. Found 4 JPA repository interfaces.
2022-12-21 11:36:31.996  INFO 68280 --- [main] com.zaxxer.hikari.HikariDataSource       : HikariPool-1 - Starting...
2022-12-21 11:36:32.121  INFO 68280 --- [main] com.zaxxer.hikari.HikariDataSource       : HikariPool-1 - Start completed.
2022-12-21 11:36:32.219  INFO 68280 --- [main] o.hibernate.jpa.internal.util.LogHelper  : HHH000204: Processing PersistenceUnitInfo [name: default]
2022-12-21 11:36:32.289  INFO 68280 --- [main] org.hibernate.Version                    : HHH000412: Hibernate ORM core version 5.6.11.Final
2022-12-21 11:36:32.476  INFO 68280 --- [main] o.hibernate.annotations.common.Version   : HCANN000001: Hibernate Commons Annotations {5.1.2.Final}
2022-12-21 11:36:32.587  INFO 68280 --- [main] org.hibernate.dialect.Dialect            : HHH000400: Using dialect: org.hibernate.dialect.PostgreSQL10Dialect
2022-12-21 11:36:33.440  INFO 68280 --- [main] o.h.e.t.j.p.i.JtaPlatformInitiator       : HHH000490: Using JtaPlatform implementation: [org.hibernate.engine.transaction.jta.platform.internal.NoJtaPlatform]
2022-12-21 11:36:33.450  INFO 68280 --- [main] j.LocalContainerEntityManagerFactoryBean : Initialized JPA EntityManagerFactory for persistence unit 'default'
2022-12-21 11:36:34.660  WARN 68280 --- [main] JpaBaseConfiguration$JpaWebConfiguration : spring.jpa.open-in-view is enabled by default. Therefore, database queries may be performed during view rendering. Explicitly configure spring.jpa.open-in-view to disable this warning
2022-12-21 11:36:35.387  INFO 68280 --- [main] o.s.s.web.DefaultSecurityFilterChain     : Will secure any request with [org.springframework.security.web.session.DisableEncodeUrlFilter@6ceb11f9, org.springframework.security.web.context.request.async.WebAsyncManagerIntegrationFilter@4d664323, org.springframework.security.web.context.SecurityContextPersistenceFilter@4dac40b, org.springframework.security.web.authentication.logout.LogoutFilter@56c6d515, com.example.refugeeshelter.filter.CustomAuthorizationFilter@27ec0d06, com.example.refugeeshelter.filter.CustomAuthenticationFilter@2676d96a, org.springframework.security.web.savedrequest.RequestCacheAwareFilter@b788dc2, org.springframework.security.web.servletapi.SecurityContextHolderAwareRequestFilter@4f676900, org.springframework.security.web.authentication.AnonymousAuthenticationFilter@12266084, org.springframework.security.web.session.SessionManagementFilter@1fb71788, org.springframework.security.web.access.ExceptionTranslationFilter@76e00bdb, org.springframework.security.web.access.intercept.FilterSecurityInterceptor@1d556461]
2022-12-21 11:36:36.732  INFO 68280 --- [main] o.s.b.t.m.w.SpringBootMockServletContext : Initializing Spring TestDispatcherServlet ''
2022-12-21 11:36:36.736  INFO 68280 --- [main] o.s.t.web.servlet.TestDispatcherServlet  : Initializing Servlet ''
2022-12-21 11:36:36.737  INFO 68280 --- [main] o.s.t.web.servlet.TestDispatcherServlet  : Completed initialization in 1 ms
2022-12-21 11:36:36.778  INFO 68280 --- [main] com.example.refugeeshelter.E2E           : Started E2E in 7.887 seconds (JVM running for 9.836)
2022-12-21 11:36:37.140  INFO 68280 --- [SpringApplicationShutdownHook] j.LocalContainerEntityManagerFactoryBean : Closing JPA EntityManagerFactory for persistence unit 'default'
2022-12-21 11:36:37.150  INFO 68280 --- [SpringApplicationShutdownHook] com.zaxxer.hikari.HikariDataSource       : HikariPool-1 - Shutdown initiated...
2022-12-21 11:36:37.163  INFO 68280 --- [SpringApplicationShutdownHook] com.zaxxer.hikari.HikariDataSource       : HikariPool-1 - Shutdown completed.
2022-12-21 11:39:31.377  INFO 68612 --- [main] com.example.refugeeshelter.E2E           : Starting E2E using Java 1.8.0_311 on MacBook-Air-Anton.local with PID 68612 (started by akrik in /Users/akrik/Desktop/refugee_shelter/backend/RefugeeShelter)
2022-12-21 11:39:31.379 DEBUG 68612 --- [main] com.example.refugeeshelter.E2E           : Running with Spring Boot v2.7.4, Spring v5.3.23
2022-12-21 11:39:31.379  INFO 68612 --- [main] com.example.refugeeshelter.E2E           : The following 1 profile is active: "test"
2022-12-21 11:39:32.619  INFO 68612 --- [main] .s.d.r.c.RepositoryConfigurationDelegate : Bootstrapping Spring Data JPA repositories in DEFAULT mode.
2022-12-21 11:39:32.723  INFO 68612 --- [main] .s.d.r.c.RepositoryConfigurationDelegate : Finished Spring Data repository scanning in 95 ms. Found 4 JPA repository interfaces.
2022-12-21 11:39:33.891  INFO 68612 --- [main] com.zaxxer.hikari.HikariDataSource       : HikariPool-1 - Starting...
2022-12-21 11:39:33.997  INFO 68612 --- [main] com.zaxxer.hikari.HikariDataSource       : HikariPool-1 - Start completed.
2022-12-21 11:39:34.101  INFO 68612 --- [main] o.hibernate.jpa.internal.util.LogHelper  : HHH000204: Processing PersistenceUnitInfo [name: default]
2022-12-21 11:39:34.171  INFO 68612 --- [main] org.hibernate.Version                    : HHH000412: Hibernate ORM core version 5.6.11.Final
2022-12-21 11:39:34.387  INFO 68612 --- [main] o.hibernate.annotations.common.Version   : HCANN000001: Hibernate Commons Annotations {5.1.2.Final}
2022-12-21 11:39:34.506  INFO 68612 --- [main] org.hibernate.dialect.Dialect            : HHH000400: Using dialect: org.hibernate.dialect.PostgreSQL10Dialect
2022-12-21 11:39:35.323  INFO 68612 --- [main] o.h.e.t.j.p.i.JtaPlatformInitiator       : HHH000490: Using JtaPlatform implementation: [org.hibernate.engine.transaction.jta.platform.internal.NoJtaPlatform]
2022-12-21 11:39:35.333  INFO 68612 --- [main] j.LocalContainerEntityManagerFactoryBean : Initialized JPA EntityManagerFactory for persistence unit 'default'
2022-12-21 11:39:36.751  WARN 68612 --- [main] JpaBaseConfiguration$JpaWebConfiguration : spring.jpa.open-in-view is enabled by default. Therefore, database queries may be performed during view rendering. Explicitly configure spring.jpa.open-in-view to disable this warning
2022-12-21 11:39:37.350  INFO 68612 --- [main] o.s.s.web.DefaultSecurityFilterChain     : Will secure any request with [org.springframework.security.web.session.DisableEncodeUrlFilter@4ed19b69, org.springframework.security.web.context.request.async.WebAsyncManagerIntegrationFilter@59a5bb61, org.springframework.security.web.context.SecurityContextPersistenceFilter@76e00bdb, org.springframework.security.web.authentication.logout.LogoutFilter@25b4754a, com.example.refugeeshelter.filter.CustomAuthorizationFilter@6f65aa58, com.example.refugeeshelter.filter.CustomAuthenticationFilter@749f61a3, org.springframework.security.web.savedrequest.RequestCacheAwareFilter@343d1d25, org.springframework.security.web.servletapi.SecurityContextHolderAwareRequestFilter@2a54c92e, org.springframework.security.web.authentication.AnonymousAuthenticationFilter@36d7a68a, org.springframework.security.web.session.SessionManagementFilter@79295932, org.springframework.security.web.access.ExceptionTranslationFilter@75bf9e67, org.springframework.security.web.access.intercept.FilterSecurityInterceptor@77020328]
2022-12-21 11:39:38.514  INFO 68612 --- [main] o.s.b.t.m.w.SpringBootMockServletContext : Initializing Spring TestDispatcherServlet ''
2022-12-21 11:39:38.515  INFO 68612 --- [main] o.s.t.web.servlet.TestDispatcherServlet  : Initializing Servlet ''
2022-12-21 11:39:38.515  INFO 68612 --- [main] o.s.t.web.servlet.TestDispatcherServlet  : Completed initialization in 0 ms
2022-12-21 11:39:38.550  INFO 68612 --- [main] com.example.refugeeshelter.E2E           : Started E2E in 7.644 seconds (JVM running for 9.493)
2022-12-21 11:39:38.928  INFO 68612 --- [main] c.e.r.filter.CustomAuthorizationFilter   : servlet path = /api/v1/register method = POST uri = /api/v1/register
2022-12-21 11:39:38.929  INFO 68612 --- [main] c.e.r.filter.CustomAuthorizationFilter   : Origin = 
2022-12-21 11:39:38.929  INFO 68612 --- [main] c.e.r.filter.CustomAuthorizationFilter   : Handle without parsing token...
2022-12-21 11:39:39.097  INFO 68612 --- [main] c.e.r.service.UserServiceImpl            : Try to register...
2022-12-21 11:39:39.423  INFO 68612 --- [main] c.e.r.service.UserServiceImpl            : Patch user 5
2022-12-21 11:39:39.442  INFO 68612 --- [main] c.e.r.service.UserServiceImpl            : Role =ROLE_USER
2022-12-21 11:39:39.545  INFO 68612 --- [main] c.e.r.filter.CustomAuthorizationFilter   : servlet path = /api/v1/login method = POST uri = /api/v1/login
2022-12-21 11:39:39.545  INFO 68612 --- [main] c.e.r.filter.CustomAuthorizationFilter   : Origin = 
2022-12-21 11:39:39.545  INFO 68612 --- [main] c.e.r.filter.CustomAuthorizationFilter   : Handle without parsing token...
2022-12-21 11:39:39.548  INFO 68612 --- [main] c.e.r.filter.CustomAuthenticationFilter  : Username is : test, test
2022-12-21 11:39:39.548  INFO 68612 --- [main] c.e.r.filter.CustomAuthenticationFilter  : UsernamePasswordAuthenticationToken [Principal=test, Credentials=[PROTECTED], Authenticated=false, Details=null, Granted Authorities=[]]
2022-12-21 11:39:39.649  INFO 68612 --- [main] c.e.r.service.UserServiceImpl            : User found in the database test $2a$10$2sf0bsfBU6cn1DCz1VV8s.DrX4jj0cGAoouUpFZCT7pu9ZSin.KCy
2022-12-21 11:39:40.003  INFO 68612 --- [main] c.e.r.filter.CustomAuthorizationFilter   : servlet path = /api/v1/rooms/1 method = GET uri = /api/v1/rooms/1
2022-12-21 11:39:40.004  INFO 68612 --- [main] c.e.r.filter.CustomAuthorizationFilter   : Origin = 
2022-12-21 11:39:40.004  INFO 68612 --- [main] c.e.r.filter.CustomAuthorizationFilter   : Handle without parsing token...
2022-12-21 11:39:40.087  INFO 68612 --- [main] c.e.r.filter.CustomAuthorizationFilter   : servlet path = /api/v1/reservations method = POST uri = /api/v1/reservations
2022-12-21 11:39:40.088  INFO 68612 --- [main] c.e.r.filter.CustomAuthorizationFilter   : Origin = 
2022-12-21 11:39:40.107  INFO 68612 --- [main] c.e.r.filter.CustomAuthorizationFilter   : User id after authorization :5
2022-12-21 11:39:40.393  INFO 68612 --- [SpringApplicationShutdownHook] j.LocalContainerEntityManagerFactoryBean : Closing JPA EntityManagerFactory for persistence unit 'default'
2022-12-21 11:39:40.410  INFO 68612 --- [SpringApplicationShutdownHook] com.zaxxer.hikari.HikariDataSource       : HikariPool-1 - Shutdown initiated...
2022-12-21 11:39:40.440  INFO 68612 --- [SpringApplicationShutdownHook] com.zaxxer.hikari.HikariDataSource       : HikariPool-1 - Shutdown completed.
2022-12-21 12:16:55.563  INFO 72816 --- [restartedMain] c.e.r.RefugeeShelterApplication          : Starting RefugeeShelterApplication using Java 1.8.0_311 on MacBook-Air-Anton.local with PID 72816 (/Users/akrik/Desktop/refugee_shelter/backend/RefugeeShelter/target/classes started by akrik in /Users/akrik/Desktop/refugee_shelter/backend/RefugeeShelter)
2022-12-21 12:16:55.565 DEBUG 72816 --- [restartedMain] c.e.r.RefugeeShelterApplication          : Running with Spring Boot v2.7.4, Spring v5.3.23
2022-12-21 12:16:55.579  INFO 72816 --- [restartedMain] c.e.r.RefugeeShelterApplication          : No active profile set, falling back to 1 default profile: "default"
2022-12-21 12:16:55.740  INFO 72816 --- [restartedMain] .e.DevToolsPropertyDefaultsPostProcessor : Devtools property defaults active! Set 'spring.devtools.add-properties' to 'false' to disable
2022-12-21 12:16:55.742  INFO 72816 --- [restartedMain] .e.DevToolsPropertyDefaultsPostProcessor : For additional web related logging consider setting the 'logging.level.web' property to 'DEBUG'
2022-12-21 12:16:57.647  INFO 72816 --- [restartedMain] .s.d.r.c.RepositoryConfigurationDelegate : Bootstrapping Spring Data JPA repositories in DEFAULT mode.
2022-12-21 12:16:57.773  INFO 72816 --- [restartedMain] .s.d.r.c.RepositoryConfigurationDelegate : Finished Spring Data repository scanning in 116 ms. Found 4 JPA repository interfaces.
2022-12-21 12:16:59.271  INFO 72816 --- [restartedMain] o.s.b.w.embedded.tomcat.TomcatWebServer  : Tomcat initialized with port(s): 8081 (http)
2022-12-21 12:16:59.297  INFO 72816 --- [restartedMain] o.apache.catalina.core.StandardService   : Starting service [Tomcat]
2022-12-21 12:16:59.298  INFO 72816 --- [restartedMain] org.apache.catalina.core.StandardEngine  : Starting Servlet engine: [Apache Tomcat/9.0.65]
2022-12-21 12:16:59.438  INFO 72816 --- [restartedMain] o.a.c.c.C.[Tomcat].[localhost].[/]       : Initializing Spring embedded WebApplicationContext
2022-12-21 12:16:59.439  INFO 72816 --- [restartedMain] w.s.c.ServletWebServerApplicationContext : Root WebApplicationContext: initialization completed in 3696 ms
2022-12-21 12:16:59.524  INFO 72816 --- [restartedMain] com.zaxxer.hikari.HikariDataSource       : HikariPool-1 - Starting...
2022-12-21 12:17:00.105  INFO 72816 --- [restartedMain] com.zaxxer.hikari.HikariDataSource       : HikariPool-1 - Start completed.
2022-12-21 12:17:00.141  INFO 72816 --- [restartedMain] o.s.b.a.h2.H2ConsoleAutoConfiguration    : H2 console available at '/h2-console'. Database available at 'jdbc:postgresql://localhost:5432/ref_shel'
2022-12-21 12:17:00.479  INFO 72816 --- [restartedMain] o.hibernate.jpa.internal.util.LogHelper  : HHH000204: Processing PersistenceUnitInfo [name: default]
2022-12-21 12:17:00.523  INFO 72816 --- [restartedMain] org.hibernate.Version                    : HHH000412: Hibernate ORM core version 5.6.11.Final
2022-12-21 12:17:00.663  INFO 72816 --- [restartedMain] o.hibernate.annotations.common.Version   : HCANN000001: Hibernate Commons Annotations {5.1.2.Final}
2022-12-21 12:17:00.757  INFO 72816 --- [restartedMain] org.hibernate.dialect.Dialect            : HHH000400: Using dialect: org.hibernate.dialect.PostgreSQL10Dialect
2022-12-21 12:17:01.656  INFO 72816 --- [restartedMain] o.h.e.t.j.p.i.JtaPlatformInitiator       : HHH000490: Using JtaPlatform implementation: [org.hibernate.engine.transaction.jta.platform.internal.NoJtaPlatform]
2022-12-21 12:17:01.666  INFO 72816 --- [restartedMain] j.LocalContainerEntityManagerFactoryBean : Initialized JPA EntityManagerFactory for persistence unit 'default'
2022-12-21 12:17:02.698  WARN 72816 --- [restartedMain] JpaBaseConfiguration$JpaWebConfiguration : spring.jpa.open-in-view is enabled by default. Therefore, database queries may be performed during view rendering. Explicitly configure spring.jpa.open-in-view to disable this warning
2022-12-21 12:17:03.021  INFO 72816 --- [restartedMain] o.s.s.web.DefaultSecurityFilterChain     : Will secure any request with [org.springframework.security.web.session.DisableEncodeUrlFilter@2c96d0c2, org.springframework.security.web.context.request.async.WebAsyncManagerIntegrationFilter@12b864f5, org.springframework.security.web.context.SecurityContextPersistenceFilter@587529c5, org.springframework.security.web.authentication.logout.LogoutFilter@30893d41, com.example.refugeeshelter.filter.CustomAuthorizationFilter@5ce2df28, com.example.refugeeshelter.filter.CustomAuthenticationFilter@2ab21123, org.springframework.security.web.savedrequest.RequestCacheAwareFilter@1183b353, org.springframework.security.web.servletapi.SecurityContextHolderAwareRequestFilter@5eda0681, org.springframework.security.web.authentication.AnonymousAuthenticationFilter@3038d477, org.springframework.security.web.session.SessionManagementFilter@4e050710, org.springframework.security.web.access.ExceptionTranslationFilter@3c0cf6d7, org.springframework.security.web.access.intercept.FilterSecurityInterceptor@4d89b721]
2022-12-21 12:17:03.809  INFO 72816 --- [restartedMain] o.s.b.d.a.OptionalLiveReloadServer       : LiveReload server is running on port 35729
2022-12-21 12:17:03.876  INFO 72816 --- [restartedMain] o.s.b.w.embedded.tomcat.TomcatWebServer  : Tomcat started on port(s): 8081 (http) with context path ''
2022-12-21 12:17:03.896  INFO 72816 --- [restartedMain] c.e.r.RefugeeShelterApplication          : Started RefugeeShelterApplication in 9.194 seconds (JVM running for 10.68)
2022-12-21 12:17:23.410  INFO 72816 --- [http-nio-8081-exec-2] o.a.c.c.C.[Tomcat].[localhost].[/]       : Initializing Spring DispatcherServlet 'dispatcherServlet'
2022-12-21 12:17:23.414  INFO 72816 --- [http-nio-8081-exec-2] o.s.web.servlet.DispatcherServlet        : Initializing Servlet 'dispatcherServlet'
2022-12-21 12:17:23.427  INFO 72816 --- [http-nio-8081-exec-2] o.s.web.servlet.DispatcherServlet        : Completed initialization in 13 ms
2022-12-21 12:17:23.446  INFO 72816 --- [http-nio-8081-exec-2] c.e.r.filter.CustomAuthorizationFilter   : servlet path = /api/v1/reservations/ method = GET uri = /api/v1/reservations/
2022-12-21 12:17:23.449  INFO 72816 --- [http-nio-8081-exec-2] c.e.r.filter.CustomAuthorizationFilter   : Origin = 
2022-12-21 12:17:23.453  INFO 72816 --- [http-nio-8081-exec-2] c.e.r.filter.CustomAuthorizationFilter   : Handle without parsing token...
2022-12-21 12:18:03.496  INFO 72816 --- [http-nio-8081-exec-3] c.e.r.filter.CustomAuthorizationFilter   : servlet path = /api/v1/reservations/ method = GET uri = /api/v1/reservations/
2022-12-21 12:18:03.499  INFO 72816 --- [http-nio-8081-exec-3] c.e.r.filter.CustomAuthorizationFilter   : Origin = 
2022-12-21 12:18:03.499  INFO 72816 --- [http-nio-8081-exec-3] c.e.r.filter.CustomAuthorizationFilter   : Handle without parsing token...
2022-12-21 12:19:06.461  INFO 72816 --- [http-nio-8081-exec-6] c.e.r.filter.CustomAuthorizationFilter   : servlet path = /api/v1/reservations/ method = GET uri = /api/v1/reservations/
2022-12-21 12:19:06.482  INFO 72816 --- [http-nio-8081-exec-6] c.e.r.filter.CustomAuthorizationFilter   : Origin = 
2022-12-21 12:19:06.483  INFO 72816 --- [http-nio-8081-exec-6] c.e.r.filter.CustomAuthorizationFilter   : Handle without parsing token...
2022-12-21 12:19:09.934  INFO 72816 --- [http-nio-8081-exec-7] c.e.r.filter.CustomAuthorizationFilter   : servlet path = /api/v1/reservations/ method = GET uri = /api/v1/reservations/
2022-12-21 12:19:09.935  INFO 72816 --- [http-nio-8081-exec-7] c.e.r.filter.CustomAuthorizationFilter   : Origin = 
2022-12-21 12:19:09.936  INFO 72816 --- [http-nio-8081-exec-7] c.e.r.filter.CustomAuthorizationFilter   : Handle without parsing token...
2022-12-21 12:19:48.119  INFO 72816 --- [http-nio-8081-exec-8] c.e.r.filter.CustomAuthorizationFilter   : servlet path = /api/v1/reservations method = GET uri = /api/v1/reservations
2022-12-21 12:19:48.120  INFO 72816 --- [http-nio-8081-exec-8] c.e.r.filter.CustomAuthorizationFilter   : Origin = 
2022-12-21 12:19:48.121  INFO 72816 --- [http-nio-8081-exec-8] c.e.r.filter.CustomAuthorizationFilter   : Handle without parsing token...
2022-12-21 12:20:07.548  INFO 72816 --- [http-nio-8081-exec-10] c.e.r.filter.CustomAuthorizationFilter   : servlet path = /api/v1/rooms/ method = GET uri = /api/v1/rooms/
2022-12-21 12:20:07.550  INFO 72816 --- [http-nio-8081-exec-10] c.e.r.filter.CustomAuthorizationFilter   : Origin = 
2022-12-21 12:20:07.551  INFO 72816 --- [http-nio-8081-exec-10] c.e.r.filter.CustomAuthorizationFilter   : Handle without parsing token...
2022-12-21 12:20:45.970  INFO 72816 --- [http-nio-8081-exec-1] c.e.r.filter.CustomAuthorizationFilter   : servlet path = /api/v1/rooms/ method = GET uri = /api/v1/rooms/
2022-12-21 12:20:45.978  INFO 72816 --- [http-nio-8081-exec-1] c.e.r.filter.CustomAuthorizationFilter   : Origin = 
2022-12-21 12:20:45.979  INFO 72816 --- [http-nio-8081-exec-1] c.e.r.filter.CustomAuthorizationFilter   : Handle without parsing token...
2022-12-21 12:20:54.372  INFO 72816 --- [http-nio-8081-exec-2] c.e.r.filter.CustomAuthorizationFilter   : servlet path = /api/v1/reservations method = GET uri = /api/v1/reservations
2022-12-21 12:20:54.376  INFO 72816 --- [http-nio-8081-exec-2] c.e.r.filter.CustomAuthorizationFilter   : Origin = 
2022-12-21 12:20:54.377  INFO 72816 --- [http-nio-8081-exec-2] c.e.r.filter.CustomAuthorizationFilter   : Handle without parsing token...
2022-12-21 12:21:47.113  INFO 72816 --- [http-nio-8081-exec-5] c.e.r.filter.CustomAuthorizationFilter   : servlet path = /api/v1/reservations method = POST uri = /api/v1/reservations
2022-12-21 12:21:47.116  INFO 72816 --- [http-nio-8081-exec-5] c.e.r.filter.CustomAuthorizationFilter   : Origin = 
2022-12-21 12:21:47.116  INFO 72816 --- [http-nio-8081-exec-5] c.e.r.filter.CustomAuthorizationFilter   : Access error 401
2022-12-21 12:24:37.795  INFO 72816 --- [http-nio-8081-exec-7] c.e.r.filter.CustomAuthorizationFilter   : servlet path = /api/v1/register method = POST uri = /api/v1/register
2022-12-21 12:24:37.804  INFO 72816 --- [http-nio-8081-exec-7] c.e.r.filter.CustomAuthorizationFilter   : Origin = 
2022-12-21 12:24:37.805  INFO 72816 --- [http-nio-8081-exec-7] c.e.r.filter.CustomAuthorizationFilter   : Handle without parsing token...
2022-12-21 12:24:37.833  WARN 72816 --- [http-nio-8081-exec-7] .w.s.m.s.DefaultHandlerExceptionResolver : Resolved [org.springframework.web.HttpMediaTypeNotSupportedException: Content type 'text/json;charset=UTF-8' not supported]
2022-12-21 12:24:48.176  INFO 72816 --- [http-nio-8081-exec-9] c.e.r.filter.CustomAuthorizationFilter   : servlet path = /api/v1/register method = POST uri = /api/v1/register
2022-12-21 12:24:48.179  INFO 72816 --- [http-nio-8081-exec-9] c.e.r.filter.CustomAuthorizationFilter   : Origin = 
2022-12-21 12:24:48.180  INFO 72816 --- [http-nio-8081-exec-9] c.e.r.filter.CustomAuthorizationFilter   : Handle without parsing token...
2022-12-21 12:24:48.197  WARN 72816 --- [http-nio-8081-exec-9] .w.s.m.s.DefaultHandlerExceptionResolver : Resolved [org.springframework.web.HttpMediaTypeNotSupportedException: Content type 'text/json;charset=UTF-8' not supported]
2022-12-21 12:24:52.907  INFO 72816 --- [http-nio-8081-exec-1] c.e.r.filter.CustomAuthorizationFilter   : servlet path = /api/v1/register method = POST uri = /api/v1/register
2022-12-21 12:24:52.911  INFO 72816 --- [http-nio-8081-exec-1] c.e.r.filter.CustomAuthorizationFilter   : Origin = 
2022-12-21 12:24:52.911  INFO 72816 --- [http-nio-8081-exec-1] c.e.r.filter.CustomAuthorizationFilter   : Handle without parsing token...
2022-12-21 12:24:52.920  WARN 72816 --- [http-nio-8081-exec-1] .w.s.m.s.DefaultHandlerExceptionResolver : Resolved [org.springframework.web.HttpMediaTypeNotSupportedException: Content type 'text/json;charset=UTF-8' not supported]
2022-12-21 12:24:53.319  INFO 72816 --- [http-nio-8081-exec-3] c.e.r.filter.CustomAuthorizationFilter   : servlet path = /api/v1/register method = POST uri = /api/v1/register
2022-12-21 12:24:53.320  INFO 72816 --- [http-nio-8081-exec-3] c.e.r.filter.CustomAuthorizationFilter   : Origin = 
2022-12-21 12:24:53.321  INFO 72816 --- [http-nio-8081-exec-3] c.e.r.filter.CustomAuthorizationFilter   : Handle without parsing token...
2022-12-21 12:24:53.326  WARN 72816 --- [http-nio-8081-exec-3] .w.s.m.s.DefaultHandlerExceptionResolver : Resolved [org.springframework.web.HttpMediaTypeNotSupportedException: Content type 'text/json;charset=UTF-8' not supported]
2022-12-21 12:25:09.036  INFO 72816 --- [http-nio-8081-exec-5] c.e.r.filter.CustomAuthorizationFilter   : servlet path = /api/v1/register method = POST uri = /api/v1/register
2022-12-21 12:25:09.037  INFO 72816 --- [http-nio-8081-exec-5] c.e.r.filter.CustomAuthorizationFilter   : Origin = 
2022-12-21 12:25:09.038  INFO 72816 --- [http-nio-8081-exec-5] c.e.r.filter.CustomAuthorizationFilter   : Handle without parsing token...
2022-12-21 12:25:09.045  WARN 72816 --- [http-nio-8081-exec-5] .w.s.m.s.DefaultHandlerExceptionResolver : Resolved [org.springframework.web.HttpMediaTypeNotSupportedException: Content type 'text/json;charset=UTF-8' not supported]
2022-12-21 12:25:18.799  INFO 72816 --- [http-nio-8081-exec-7] c.e.r.filter.CustomAuthorizationFilter   : servlet path = /api/v1/register method = POST uri = /api/v1/register
2022-12-21 12:25:18.800  INFO 72816 --- [http-nio-8081-exec-7] c.e.r.filter.CustomAuthorizationFilter   : Origin = 
2022-12-21 12:25:18.801  INFO 72816 --- [http-nio-8081-exec-7] c.e.r.filter.CustomAuthorizationFilter   : Handle without parsing token...
2022-12-21 12:25:18.807  WARN 72816 --- [http-nio-8081-exec-7] .w.s.m.s.DefaultHandlerExceptionResolver : Resolved [org.springframework.web.HttpMediaTypeNotSupportedException: Content type 'text/json;charset=UTF-8' not supported]
2022-12-21 12:25:19.275  INFO 72816 --- [http-nio-8081-exec-9] c.e.r.filter.CustomAuthorizationFilter   : servlet path = /api/v1/register method = POST uri = /api/v1/register
2022-12-21 12:25:19.276  INFO 72816 --- [http-nio-8081-exec-9] c.e.r.filter.CustomAuthorizationFilter   : Origin = 
2022-12-21 12:25:19.276  INFO 72816 --- [http-nio-8081-exec-9] c.e.r.filter.CustomAuthorizationFilter   : Handle without parsing token...
2022-12-21 12:25:19.281  WARN 72816 --- [http-nio-8081-exec-9] .w.s.m.s.DefaultHandlerExceptionResolver : Resolved [org.springframework.web.HttpMediaTypeNotSupportedException: Content type 'text/json;charset=UTF-8' not supported]
2022-12-21 12:25:19.544  INFO 72816 --- [http-nio-8081-exec-1] c.e.r.filter.CustomAuthorizationFilter   : servlet path = /api/v1/register method = POST uri = /api/v1/register
2022-12-21 12:25:19.544  INFO 72816 --- [http-nio-8081-exec-1] c.e.r.filter.CustomAuthorizationFilter   : Origin = 
2022-12-21 12:25:19.544  INFO 72816 --- [http-nio-8081-exec-1] c.e.r.filter.CustomAuthorizationFilter   : Handle without parsing token...
2022-12-21 12:25:19.552  WARN 72816 --- [http-nio-8081-exec-1] .w.s.m.s.DefaultHandlerExceptionResolver : Resolved [org.springframework.web.HttpMediaTypeNotSupportedException: Content type 'text/json;charset=UTF-8' not supported]
2022-12-21 12:25:19.683  INFO 72816 --- [http-nio-8081-exec-3] c.e.r.filter.CustomAuthorizationFilter   : servlet path = /api/v1/register method = POST uri = /api/v1/register
2022-12-21 12:25:19.684  INFO 72816 --- [http-nio-8081-exec-3] c.e.r.filter.CustomAuthorizationFilter   : Origin = 
2022-12-21 12:25:19.684  INFO 72816 --- [http-nio-8081-exec-3] c.e.r.filter.CustomAuthorizationFilter   : Handle without parsing token...
2022-12-21 12:25:19.687  WARN 72816 --- [http-nio-8081-exec-3] .w.s.m.s.DefaultHandlerExceptionResolver : Resolved [org.springframework.web.HttpMediaTypeNotSupportedException: Content type 'text/json;charset=UTF-8' not supported]
2022-12-21 12:25:19.862  INFO 72816 --- [http-nio-8081-exec-5] c.e.r.filter.CustomAuthorizationFilter   : servlet path = /api/v1/register method = POST uri = /api/v1/register
2022-12-21 12:25:19.862  INFO 72816 --- [http-nio-8081-exec-5] c.e.r.filter.CustomAuthorizationFilter   : Origin = 
2022-12-21 12:25:19.862  INFO 72816 --- [http-nio-8081-exec-5] c.e.r.filter.CustomAuthorizationFilter   : Handle without parsing token...
2022-12-21 12:25:19.865  WARN 72816 --- [http-nio-8081-exec-5] .w.s.m.s.DefaultHandlerExceptionResolver : Resolved [org.springframework.web.HttpMediaTypeNotSupportedException: Content type 'text/json;charset=UTF-8' not supported]
2022-12-21 12:27:44.529  INFO 72816 --- [http-nio-8081-exec-7] c.e.r.filter.CustomAuthorizationFilter   : servlet path = /api/v1/register method = POST uri = /api/v1/register
2022-12-21 12:27:44.531  INFO 72816 --- [http-nio-8081-exec-7] c.e.r.filter.CustomAuthorizationFilter   : Origin = 
2022-12-21 12:27:44.531  INFO 72816 --- [http-nio-8081-exec-7] c.e.r.filter.CustomAuthorizationFilter   : Handle without parsing token...
2022-12-21 12:27:44.537  WARN 72816 --- [http-nio-8081-exec-7] .w.s.m.s.DefaultHandlerExceptionResolver : Resolved [org.springframework.web.HttpMediaTypeNotSupportedException: Content type 'text/json;charset=UTF-8' not supported]
2022-12-21 12:28:03.538  INFO 72816 --- [http-nio-8081-exec-9] c.e.r.filter.CustomAuthorizationFilter   : servlet path = /api/v1/register method = POST uri = /api/v1/register
2022-12-21 12:28:03.541  INFO 72816 --- [http-nio-8081-exec-9] c.e.r.filter.CustomAuthorizationFilter   : Origin = 
2022-12-21 12:28:03.542  INFO 72816 --- [http-nio-8081-exec-9] c.e.r.filter.CustomAuthorizationFilter   : Handle without parsing token...
2022-12-21 12:28:03.546  WARN 72816 --- [http-nio-8081-exec-9] .w.s.m.s.DefaultHandlerExceptionResolver : Resolved [org.springframework.web.HttpMediaTypeNotSupportedException: Content type 'text/json;charset=UTF-8' not supported]
2022-12-21 12:30:07.764  INFO 72816 --- [http-nio-8081-exec-2] c.e.r.filter.CustomAuthorizationFilter   : servlet path = /api/v1/rooms/ method = GET uri = /api/v1/rooms/
2022-12-21 12:30:07.769  INFO 72816 --- [http-nio-8081-exec-2] c.e.r.filter.CustomAuthorizationFilter   : Origin = 
2022-12-21 12:30:07.770  INFO 72816 --- [http-nio-8081-exec-2] c.e.r.filter.CustomAuthorizationFilter   : Handle without parsing token...
2022-12-21 12:30:08.315  INFO 72816 --- [http-nio-8081-exec-3] c.e.r.filter.CustomAuthorizationFilter   : servlet path = /api/v1/rooms/ method = GET uri = /api/v1/rooms/
2022-12-21 12:30:08.317  INFO 72816 --- [http-nio-8081-exec-3] c.e.r.filter.CustomAuthorizationFilter   : Origin = 
2022-12-21 12:30:08.317  INFO 72816 --- [http-nio-8081-exec-3] c.e.r.filter.CustomAuthorizationFilter   : Handle without parsing token...
